2025/03/29 09:41:38 [warn] 1#1: the "user" directive makes sense only if the master process runs with super-user privileges, ignored in /etc/nginx/nginx.conf:2
2025/03/29 09:41:38 [notice] 1#1: using the "epoll" event method
2025/03/29 09:41:38 [notice] 1#1: nginx/1.27.4
2025/03/29 09:41:38 [notice] 1#1: built by gcc 14.2.0 (Alpine 14.2.0) 
2025/03/29 09:41:38 [notice] 1#1: OS: Linux 6.10.14-linuxkit
2025/03/29 09:41:38 [notice] 1#1: getrlimit(RLIMIT_NOFILE): 1048576:1048576
2025/03/29 09:41:38 [notice] 1#1: start worker processes
2025/03/29 09:41:38 [notice] 1#1: start worker process 29
2025/03/29 09:41:38 [notice] 1#1: start worker process 30
2025/03/29 09:41:38 [notice] 1#1: start worker process 31
2025/03/29 09:41:38 [notice] 1#1: start worker process 32
2025/03/29 09:41:38 [notice] 1#1: start worker process 33
2025/03/29 09:41:38 [notice] 1#1: start worker process 34
2025/03/29 09:41:38 [notice] 1#1: start worker process 35
2025/03/29 09:41:38 [notice] 1#1: start worker process 36
2025/03/29 09:48:54 [notice] 1#1: signal 3 (SIGQUIT) received, shutting down
2025/03/29 09:48:54 [notice] 34#34: gracefully shutting down
2025/03/29 09:48:54 [notice] 30#30: gracefully shutting down
2025/03/29 09:48:54 [notice] 36#36: gracefully shutting down
2025/03/29 09:48:54 [notice] 31#31: gracefully shutting down
2025/03/29 09:48:54 [notice] 31#31: exiting
2025/03/29 09:48:54 [notice] 29#29: gracefully shutting down
2025/03/29 09:48:54 [notice] 32#32: gracefully shutting down
2025/03/29 09:48:54 [notice] 33#33: gracefully shutting down
2025/03/29 09:48:54 [notice] 34#34: exiting
2025/03/29 09:48:54 [notice] 33#33: exiting
2025/03/29 09:48:54 [notice] 35#35: gracefully shutting down
2025/03/29 09:48:54 [notice] 30#30: exiting
2025/03/29 09:48:54 [notice] 36#36: exiting
2025/03/29 09:48:54 [notice] 31#31: exit
2025/03/29 09:48:54 [notice] 29#29: exiting
2025/03/29 09:48:54 [notice] 29#29: exit
2025/03/29 09:48:54 [notice] 32#32: exiting
2025/03/29 09:48:54 [notice] 34#34: exit
2025/03/29 09:48:54 [notice] 32#32: exit
2025/03/29 09:48:54 [notice] 33#33: exit
2025/03/29 09:48:54 [notice] 35#35: exiting
2025/03/29 09:48:54 [notice] 35#35: exit
2025/03/29 09:48:54 [notice] 30#30: exit
2025/03/29 09:48:54 [notice] 36#36: exit
2025/03/29 09:48:54 [notice] 1#1: signal 17 (SIGCHLD) received from 31
2025/03/29 09:48:54 [notice] 1#1: worker process 31 exited with code 0
2025/03/29 09:48:54 [notice] 1#1: worker process 34 exited with code 0
2025/03/29 09:48:54 [notice] 1#1: signal 29 (SIGIO) received
2025/03/29 09:48:54 [notice] 1#1: signal 17 (SIGCHLD) received from 32
2025/03/29 09:48:54 [notice] 1#1: worker process 29 exited with code 0
2025/03/29 09:48:54 [notice] 1#1: worker process 30 exited with code 0
2025/03/29 09:48:54 [notice] 1#1: worker process 32 exited with code 0
2025/03/29 09:48:54 [notice] 1#1: worker process 33 exited with code 0
2025/03/29 09:48:54 [notice] 1#1: worker process 35 exited with code 0
2025/03/29 09:48:54 [notice] 1#1: worker process 36 exited with code 0
2025/03/29 09:48:54 [alert] 1#1: unlink() "/var/run/nginx.pid" failed (13: Permission denied)
2025/03/29 09:48:54 [notice] 1#1: exit
2025/04/01 08:38:34 [warn] 1#1: the "user" directive makes sense only if the master process runs with super-user privileges, ignored in /etc/nginx/nginx.conf:2
2025/04/01 08:38:34 [notice] 1#1: using the "epoll" event method
2025/04/01 08:38:34 [notice] 1#1: nginx/1.27.4
2025/04/01 08:38:34 [notice] 1#1: built by gcc 14.2.0 (Alpine 14.2.0) 
2025/04/01 08:38:34 [notice] 1#1: OS: Linux 6.10.14-linuxkit
2025/04/01 08:38:34 [notice] 1#1: getrlimit(RLIMIT_NOFILE): 1048576:1048576
2025/04/01 08:38:34 [notice] 1#1: start worker processes
2025/04/01 08:38:34 [notice] 1#1: start worker process 29
2025/04/01 08:38:34 [notice] 1#1: start worker process 30
2025/04/01 08:38:34 [notice] 1#1: start worker process 31
2025/04/01 08:38:34 [notice] 1#1: start worker process 32
2025/04/01 08:38:34 [notice] 1#1: start worker process 33
2025/04/01 08:38:34 [notice] 1#1: start worker process 34
2025/04/01 08:38:34 [notice] 1#1: start worker process 35
2025/04/01 08:38:34 [notice] 1#1: start worker process 36
2025/04/01 08:39:03 [notice] 1#1: signal 3 (SIGQUIT) received, shutting down
2025/04/01 08:39:03 [notice] 29#29: gracefully shutting down
2025/04/01 08:39:03 [notice] 30#30: gracefully shutting down
2025/04/01 08:39:03 [notice] 30#30: exiting
2025/04/01 08:39:03 [notice] 36#36: gracefully shutting down
2025/04/01 08:39:03 [notice] 36#36: exiting
2025/04/01 08:39:03 [notice] 33#33: gracefully shutting down
2025/04/01 08:39:03 [notice] 32#32: gracefully shutting down
2025/04/01 08:39:03 [notice] 34#34: gracefully shutting down
2025/04/01 08:39:03 [notice] 35#35: gracefully shutting down
2025/04/01 08:39:03 [notice] 29#29: exiting
2025/04/01 08:39:03 [notice] 31#31: gracefully shutting down
2025/04/01 08:39:03 [notice] 30#30: exit
2025/04/01 08:39:03 [notice] 36#36: exit
2025/04/01 08:39:03 [notice] 33#33: exiting
2025/04/01 08:39:03 [notice] 32#32: exiting
2025/04/01 08:39:03 [notice] 34#34: exiting
2025/04/01 08:39:03 [notice] 32#32: exit
2025/04/01 08:39:03 [notice] 35#35: exiting
2025/04/01 08:39:03 [notice] 29#29: exit
2025/04/01 08:39:03 [notice] 31#31: exiting
2025/04/01 08:39:03 [notice] 33#33: exit
2025/04/01 08:39:03 [notice] 34#34: exit
2025/04/01 08:39:03 [notice] 35#35: exit
2025/04/01 08:39:03 [notice] 31#31: exit
2025/04/01 08:39:03 [notice] 1#1: signal 17 (SIGCHLD) received from 36
2025/04/01 08:39:03 [notice] 1#1: worker process 32 exited with code 0
2025/04/01 08:39:03 [notice] 1#1: worker process 35 exited with code 0
2025/04/01 08:39:03 [notice] 1#1: worker process 36 exited with code 0
2025/04/01 08:39:03 [notice] 1#1: signal 29 (SIGIO) received
2025/04/01 08:39:03 [notice] 1#1: signal 17 (SIGCHLD) received from 32
2025/04/01 08:39:03 [notice] 1#1: signal 17 (SIGCHLD) received from 31
2025/04/01 08:39:03 [notice] 1#1: worker process 30 exited with code 0
2025/04/01 08:39:03 [notice] 1#1: worker process 31 exited with code 0
2025/04/01 08:39:03 [notice] 1#1: worker process 33 exited with code 0
2025/04/01 08:39:03 [notice] 1#1: worker process 34 exited with code 0
2025/04/01 08:39:03 [notice] 1#1: signal 29 (SIGIO) received
2025/04/01 08:39:03 [notice] 1#1: signal 17 (SIGCHLD) received from 30
2025/04/01 08:39:03 [notice] 1#1: signal 17 (SIGCHLD) received from 29
2025/04/01 08:39:03 [notice] 1#1: worker process 29 exited with code 0
2025/04/01 08:39:03 [alert] 1#1: unlink() "/var/run/nginx.pid" failed (13: Permission denied)
2025/04/01 08:39:03 [notice] 1#1: exit
2025/04/01 08:39:25 [warn] 1#1: the "user" directive makes sense only if the master process runs with super-user privileges, ignored in /etc/nginx/nginx.conf:2
2025/04/01 08:39:25 [notice] 1#1: using the "epoll" event method
2025/04/01 08:39:25 [notice] 1#1: nginx/1.27.4
2025/04/01 08:39:25 [notice] 1#1: built by gcc 14.2.0 (Alpine 14.2.0) 
2025/04/01 08:39:25 [notice] 1#1: OS: Linux 6.10.14-linuxkit
2025/04/01 08:39:25 [notice] 1#1: getrlimit(RLIMIT_NOFILE): 1048576:1048576
2025/04/01 08:39:25 [notice] 1#1: start worker processes
2025/04/01 08:39:25 [notice] 1#1: start worker process 29
2025/04/01 08:39:25 [notice] 1#1: start worker process 30
2025/04/01 08:39:25 [notice] 1#1: start worker process 31
2025/04/01 08:39:25 [notice] 1#1: start worker process 32
2025/04/01 08:39:25 [notice] 1#1: start worker process 33
2025/04/01 08:39:25 [notice] 1#1: start worker process 34
2025/04/01 08:39:25 [notice] 1#1: start worker process 35
2025/04/01 08:39:25 [notice] 1#1: start worker process 36
2025/04/01 09:21:52 [notice] 1#1: signal 3 (SIGQUIT) received, shutting down
2025/04/01 09:21:52 [notice] 29#29: gracefully shutting down
2025/04/01 09:21:52 [notice] 34#34: gracefully shutting down
2025/04/01 09:21:52 [notice] 33#33: gracefully shutting down
2025/04/01 09:21:52 [notice] 32#32: gracefully shutting down
2025/04/01 09:21:52 [notice] 33#33: exiting
2025/04/01 09:21:52 [notice] 30#30: gracefully shutting down
2025/04/01 09:21:52 [notice] 36#36: gracefully shutting down
2025/04/01 09:21:52 [notice] 35#35: gracefully shutting down
2025/04/01 09:21:52 [notice] 36#36: exiting
2025/04/01 09:21:52 [notice] 31#31: gracefully shutting down
2025/04/01 09:21:52 [notice] 29#29: exiting
2025/04/01 09:21:52 [notice] 34#34: exiting
2025/04/01 09:21:52 [notice] 29#29: exit
2025/04/01 09:21:52 [notice] 32#32: exiting
2025/04/01 09:21:52 [notice] 34#34: exit
2025/04/01 09:21:52 [notice] 30#30: exiting
2025/04/01 09:21:52 [notice] 33#33: exit
2025/04/01 09:21:52 [notice] 35#35: exiting
2025/04/01 09:21:52 [notice] 35#35: exit
2025/04/01 09:21:52 [notice] 36#36: exit
2025/04/01 09:21:52 [notice] 31#31: exiting
2025/04/01 09:21:52 [notice] 32#32: exit
2025/04/01 09:21:52 [notice] 30#30: exit
2025/04/01 09:21:52 [notice] 31#31: exit
2025/04/01 09:21:52 [notice] 1#1: signal 17 (SIGCHLD) received from 35
2025/04/01 09:21:52 [notice] 1#1: worker process 33 exited with code 0
2025/04/01 09:21:52 [notice] 1#1: worker process 35 exited with code 0
2025/04/01 09:21:52 [notice] 1#1: signal 29 (SIGIO) received
2025/04/01 09:21:52 [notice] 1#1: signal 17 (SIGCHLD) received from 29
2025/04/01 09:21:52 [notice] 1#1: worker process 29 exited with code 0
2025/04/01 09:21:52 [notice] 1#1: worker process 30 exited with code 0
2025/04/01 09:21:52 [notice] 1#1: worker process 31 exited with code 0
2025/04/01 09:21:52 [notice] 1#1: worker process 32 exited with code 0
2025/04/01 09:21:52 [notice] 1#1: worker process 34 exited with code 0
2025/04/01 09:21:52 [notice] 1#1: worker process 36 exited with code 0
2025/04/01 09:21:52 [alert] 1#1: unlink() "/var/run/nginx.pid" failed (13: Permission denied)
2025/04/01 09:21:52 [notice] 1#1: exit
